Using pre-set license
Built from '2021.1/staging' branch; Version is '2021.1.3f1 (4bef613afd59) revision 4976481'; Using compiler version '192528614'; Build Type 'Release'
OS: 'Windows 10 Pro; OS build 19042.508; Version 2009; 64bit' Language: 'en' Physical Memory: 16299 MB
BatchMode: 1, IsHumanControllingUs: 0, StartBugReporterOnCrash: 0, Is64bit: 1, IsPro: 0

 COMMAND LINE ARGUMENTS:
C:\Program Files\Unity\Hub\Editor\2021.1.3f1\Editor\Unity.exe
-adb2
-batchMode
-noUpm
-name
AssetImportWorker0
-projectPath
E:/Projects/CheckerFootball
-logFile
Logs/AssetImportWorker0.log
-srvPort
55562
Successfully changed project path to: E:/Projects/CheckerFootball
E:/Projects/CheckerFootball
Using Asset Import Pipeline V2.
Refreshing native plugins compatible for Editor in 160.99 ms, found 1 plugins.
Preloading 0 native plugins for Editor in 0.00 ms.
Initialize engine version: 2021.1.3f1 (4bef613afd59)
[Subsystems] Discovering subsystems at path C:/Program Files/Unity/Hub/Editor/2021.1.3f1/Editor/Data/Resources/UnitySubsystems
[Subsystems] Discovering subsystems at path E:/Projects/CheckerFootball/Assets
GfxDevice: creating device client; threaded=0; jobified=0
Direct3D:
    Version:  Direct3D 11.0 [level 11.1]
    Renderer: Intel(R) HD Graphics 510 (ID=0x1902)
    Vendor:   Intel
    VRAM:     8149 MB
    Driver:   20.19.15.4463
Initialize mono
Mono path[0] = 'C:/Program Files/Unity/Hub/Editor/2021.1.3f1/Editor/Data/Managed'
Mono path[1] = 'C:/Program Files/Unity/Hub/Editor/2021.1.3f1/Editor/Data/MonoBleedingEdge/lib/mono/unityjit'
Mono config path = 'C:/Program Files/Unity/Hub/Editor/2021.1.3f1/Editor/Data/MonoBleedingEdge/etc'
Using monoOptions --debugger-agent=transport=dt_socket,embedding=1,server=y,suspend=n,address=127.0.0.1:56316
Begin MonoManager ReloadAssembly
Registering precompiled unity dll's ...
Register platform support module: C:/Program Files/Unity/Hub/Editor/2021.1.3f1/Editor/Data/PlaybackEngines/WindowsStandaloneSupport/UnityEditor.WindowsStandalone.Extensions.dll
Registered in 0.001943 seconds.
Native extension for WindowsStandalone target not found
Refreshing native plugins compatible for Editor in 112.28 ms, found 1 plugins.
Preloading 0 native plugins for Editor in 0.00 ms.
Mono: successfully reloaded assembly
- Completed reload, in  2.725 seconds
Platform modules already initialized, skipping
Registering precompiled user dll's ...
Registered in 0.007258 seconds.
Begin MonoManager ReloadAssembly
Symbol file LoadedFromMemory is not a mono symbol file
Native extension for WindowsStandalone target not found
Refreshing native plugins compatible for Editor in 108.66 ms, found 1 plugins.
Preloading 0 native plugins for Editor in 0.00 ms.
Mono: successfully reloaded assembly
- Completed reload, in  7.203 seconds
Platform modules already initialized, skipping
========================================================================
Worker process is ready to serve import requests
Launched and connected shader compiler UnityShaderCompiler.exe after 0.07 seconds
Refreshing native plugins compatible for Editor in 3.82 ms, found 1 plugins.
Preloading 0 native plugins for Editor in 0.00 ms.
Unloading 3124 Unused Serialized files (Serialized files now loaded: 0)
System memory in use before: 125.2 MB.
System memory in use after: 125.4 MB.

Unloading 264 unused Assets to reduce memory usage. Loaded Objects now: 3401.
Total: 5.136300 ms (FindLiveObjects: 0.405000 ms CreateObjectMapping: 0.892100 ms MarkObjects: 3.657000 ms  DeleteObjects: 0.180500 ms)

========================================================================
Received Import Request.
  path: Assets/Scripts/Interfaces
  artifactKey: Guid(7a16887d4f8aaed478c3c2097934032f) Importer(815301076,1909f56bfc062723c751e8b465ee728b)
Start importing Assets/Scripts/Interfaces using Guid(7a16887d4f8aaed478c3c2097934032f) Importer(815301076,1909f56bfc062723c751e8b465ee728b)  -> (artifact id: '25f969f93ff67a5aa247ce0d62e923c9') in 0.020504 seconds 
========================================================================
Received Import Request.
  Time since last request: 7.962176 seconds.
  path: Assets/Scripts/Graphics/UI/ConversionMenu.cs
  artifactKey: Guid(89be38fd58c92094abbd60d35cd909b9) Importer(815301076,1909f56bfc062723c751e8b465ee728b)
Start importing Assets/Scripts/Graphics/UI/ConversionMenu.cs using Guid(89be38fd58c92094abbd60d35cd909b9) Importer(815301076,1909f56bfc062723c751e8b465ee728b)  -> (artifact id: 'efa32d1e75f39b43ecb0aacaaff8c349') in 0.060609 seconds 
========================================================================
Received Import Request.
  Time since last request: 268.337257 seconds.
  path: Assets/Scenes/GameScene.unity
  artifactKey: Guid(2cda990e2423bbf4892e6590ba056729) Importer(815301076,1909f56bfc062723c751e8b465ee728b)
Start importing Assets/Scenes/GameScene.unity using Guid(2cda990e2423bbf4892e6590ba056729) Importer(815301076,1909f56bfc062723c751e8b465ee728b)  -> (artifact id: '3871a0bb6833e728a76339d29f2ef59d') in 0.021916 seconds 
========================================================================
Received Prepare
Registering precompiled user dll's ...
Registered in 0.008051 seconds.
Begin MonoManager ReloadAssembly
Symbol file LoadedFromMemory is not a mono symbol file
Native extension for WindowsStandalone target not found
Refreshing native plugins compatible for Editor in 2.08 ms, found 1 plugins.
Preloading 0 native plugins for Editor in 0.00 ms.
VoxelBusters.CoreLibrary.VBException: Please configure your NativePlugins before you start using it in your project.
  at VoxelBusters.EssentialKit.Editor.EssentialKitSettingsEditorUtility.LoadDefaultSettings (System.Boolean throwError) [0x0002c] in E:\Projects\CheckerFootball\Assets\Plugins\VoxelBusters\EssentialKit\Scripts\Editor\EssentialKitSettingsEditorUtility.cs:87 
  at VoxelBusters.EssentialKit.Editor.EssentialKitSettingsEditorUtility.get_SettingsExists () [0x00011] in E:\Projects\CheckerFootball\Assets\Plugins\VoxelBusters\EssentialKit\Scripts\Editor\EssentialKitSettingsEditorUtility.cs:40 
  at VoxelBusters.EssentialKit.Editor.Android.AndroidLibraryDependenciesGenerator.CreateLibraryDependenciesInternal (System.String path) [0x00038] in E:\Projects\CheckerFootball\Assets\Plugins\VoxelBusters\EssentialKit\Scripts\Editor\Android\AndroidLibraryDependenciesGenerator.cs:68 
  at VoxelBusters.EssentialKit.Editor.Android.AndroidLibraryDependenciesGenerator.CreateLibraryDependencies () [0x00001] in E:\Projects\CheckerFootball\Assets\Plugins\VoxelBusters\EssentialKit\Scripts\Editor\Android\AndroidLibraryDependenciesGenerator.cs:43 
  at VoxelBusters.EssentialKit.Editor.Android.AndroidLibraryDependenciesGenerator..cctor () [0x0005b] in E:\Projects\CheckerFootball\Assets\Plugins\VoxelBusters\EssentialKit\Scripts\Editor\Android\AndroidLibraryDependenciesGenerator.cs:36 
UnityEngine.StackTraceUtility:ExtractStackTrace ()
UnityEngine.DebugLogHandler:LogFormat (UnityEngine.LogType,UnityEngine.Object,string,object[])
UnityEngine.Logger:Log (UnityEngine.LogType,object)
UnityEngine.Debug:LogError (object)
UnityEditor.EditorAssemblies:ProcessInitializeOnLoadAttributes (System.Type[])

Mono: successfully reloaded assembly
- Completed reload, in  2.058 seconds
Platform modules already initialized, skipping
Switching build target platform(19) subTarget(0) extendedPlatform(0) -> platform(13) subTarget(537395200) extendedPlatform(0)
Refreshing native plugins compatible for Editor in 6.76 ms, found 1 plugins.
Preloading 0 native plugins for Editor in 0.00 ms.
Unloading 3101 Unused Serialized files (Serialized files now loaded: 0)
System memory in use before: 122.8 MB.
System memory in use after: 123.0 MB.

Unloading 303 unused Assets to reduce memory usage. Loaded Objects now: 3354.
Total: 4.709200 ms (FindLiveObjects: 0.840200 ms CreateObjectMapping: 0.776400 ms MarkObjects: 2.962200 ms  DeleteObjects: 0.128400 ms)

AssetImportParameters requested are different than current active one (requested -> active):
  custom:graphics/normal-map-encoding: 01000000000000000000000000000000 -> 02000000000000000000000000000000
